<?xml version="1.0" encoding="UTF-8"?>
<!-- Generated by org.testng.reporters.JUnitXMLReporter -->
<testsuite hostname="Richa-PC" ignored="0" name="Default test" tests="3" failures="0" timestamp="06 Jun 2020 19:03:13 GMT" time="135.038" errors="0">
  <testcase name="validateCreateNewContactTest" time="7.583" classname="com.crm.qa.testcases.ContactsPageTest"/>
  <testcase name="validateCreateNewContactTest" time="10.034" classname="com.crm.qa.testcases.ContactsPageTest"/>
  <testcase name="validateCreateNewContactTest" time="6.767" classname="com.crm.qa.testcases.ContactsPageTest"/>
</testsuite> <!-- Default test -->
