<?xml version="1.0" encoding="UTF-8"?>
<!-- Generated by org.testng.reporters.JUnitXMLReporter -->
<testsuite hostname="Richa-PC" ignored="0" name="Command line test" tests="3" failures="0" timestamp="08 Jun 2020 11:49:04 GMT" time="90.686" errors="0">
  <testcase name="verifyContactsPageLabel" time="0.169" classname="com.crm.qa.testcases.ContactsPageTest"/>
  <testcase name="verifyHomePageTitleTest" time="0.023" classname="com.crm.qa.testcases.HomePageTest"/>
  <testcase name="loginPageTitleTest" time="0.08" classname="com.crm.qa.testcases.LoginPageTest"/>
</testsuite> <!-- Command line test -->
