<?xml version="1.0" encoding="UTF-8"?>
<testng-results skipped="0" failed="0" ignored="0" total="3" passed="3">
  <reporter-output>
  </reporter-output>
  <suite name="Command line suite" duration-ms="90686" started-at="2020-06-08T11:47:34Z" finished-at="2020-06-08T11:49:04Z">
    <groups>
    </groups>
    <test name="Command line test" duration-ms="90686" started-at="2020-06-08T11:47:34Z" finished-at="2020-06-08T11:49:04Z">
      <class name="com.crm.qa.testcases.HomePageTest">
        <test-method status="PASS" signature="setup()[pri:0, instance:com.crm.qa.testcases.HomePageTest@2ef9b8bc]" name="setup" is-config="true" duration-ms="28944" started-at="2020-06-08T11:48:15Z" finished-at="2020-06-08T11:48:44Z">
          <reporter-output>
          </reporter-output>
        </test-method> <!-- setup -->
        <test-method status="PASS" signature="verifyHomePageTitleTest()[pri:1, instance:com.crm.qa.testcases.HomePageTest@2ef9b8bc]" name="verifyHomePageTitleTest" duration-ms="23" started-at="2020-06-08T11:48:44Z" finished-at="2020-06-08T11:48:44Z">
          <reporter-output>
          </reporter-output>
        </test-method> <!-- verifyHomePageTitleTest -->
        <test-method status="PASS" signature="tearDown()[pri:0, instance:com.crm.qa.testcases.HomePageTest@2ef9b8bc]" name="tearDown" is-config="true" duration-ms="847" started-at="2020-06-08T11:48:44Z" finished-at="2020-06-08T11:48:45Z">
          <reporter-output>
          </reporter-output>
        </test-method> <!-- tearDown -->
      </class> <!-- com.crm.qa.testcases.HomePageTest -->
      <class name="com.crm.qa.testcases.ContactsPageTest">
        <test-method status="PASS" signature="setup()[pri:0, instance:com.crm.qa.testcases.ContactsPageTest@5315b42e]" name="setup" is-config="true" duration-ms="40780" started-at="2020-06-08T11:47:34Z" finished-at="2020-06-08T11:48:14Z">
          <reporter-output>
          </reporter-output>
        </test-method> <!-- setup -->
        <test-method status="PASS" signature="verifyContactsPageLabel()[pri:1, instance:com.crm.qa.testcases.ContactsPageTest@5315b42e]" name="verifyContactsPageLabel" duration-ms="169" started-at="2020-06-08T11:48:14Z" finished-at="2020-06-08T11:48:15Z">
          <reporter-output>
          </reporter-output>
        </test-method> <!-- verifyContactsPageLabel -->
        <test-method status="PASS" signature="tearDown()[pri:0, instance:com.crm.qa.testcases.ContactsPageTest@5315b42e]" name="tearDown" is-config="true" duration-ms="785" started-at="2020-06-08T11:48:15Z" finished-at="2020-06-08T11:48:15Z">
          <reporter-output>
          </reporter-output>
        </test-method> <!-- tearDown -->
      </class> <!-- com.crm.qa.testcases.ContactsPageTest -->
      <class name="com.crm.qa.testcases.LoginPageTest">
        <test-method status="PASS" signature="setup()[pri:0, instance:com.crm.qa.testcases.LoginPageTest@5d624da6]" name="setup" is-config="true" duration-ms="17642" started-at="2020-06-08T11:48:45Z" finished-at="2020-06-08T11:49:03Z">
          <reporter-output>
          </reporter-output>
        </test-method> <!-- setup -->
        <test-method status="PASS" signature="loginPageTitleTest()[pri:1, instance:com.crm.qa.testcases.LoginPageTest@5d624da6]" name="loginPageTitleTest" duration-ms="80" started-at="2020-06-08T11:49:03Z" finished-at="2020-06-08T11:49:03Z">
          <reporter-output>
          </reporter-output>
        </test-method> <!-- loginPageTitleTest -->
        <test-method status="PASS" signature="tearDown()[pri:0, instance:com.crm.qa.testcases.LoginPageTest@5d624da6]" name="tearDown" is-config="true" duration-ms="1351" started-at="2020-06-08T11:49:03Z" finished-at="2020-06-08T11:49:04Z">
          <reporter-output>
          </reporter-output>
        </test-method> <!-- tearDown -->
      </class> <!-- com.crm.qa.testcases.LoginPageTest -->
    </test> <!-- Command line test -->
  </suite> <!-- Command line suite -->
</testng-results>
